#
# There is insufficient memory for the Java Runtime Environment to continue.
# Native memory allocation (mmap) failed to map 268435456 bytes for G1 virtual space
# Possible reasons:
#   The system is out of physical RAM or swap space
#   The process is running with CompressedOops enabled, and the Java Heap may be blocking the growth of the native heap
# Possible solutions:
#   Reduce memory load on the system
#   Increase physical memory or swap space
#   Check if swap backing store is full
#   Decrease Java heap size (-Xmx/-Xms)
#   Decrease number of Java threads
#   Decrease Java thread stack sizes (-Xss)
#   Set larger code cache with -XX:ReservedCodeCacheSize=
#   JVM is running with Zero Based Compressed Oops mode in which the Java heap is
#     placed in the first 32GB address space. The Java Heap base address is the
#     maximum limit for the native heap growth. Please use -XX:HeapBaseMinAddress
#     to set the Java Heap base and to place the Java Heap above 32GB virtual address.
# This output file may be truncated or incomplete.
#
#  Out of Memory Error (os_windows.cpp:3825), pid=14708, tid=444
#
# JRE version:  (17.0.10+1) (build )
# Java VM: OpenJDK 64-Bit Server VM (17.0.10+1-b1087.23, mixed mode, sharing, tiered, compressed oops, compressed class ptrs, g1 gc, windows-amd64)
# No core dump will be written. Minidumps are not enabled by default on client versions of Windows
#

---------------  S U M M A R Y ------------

Command Line: git4idea.http.GitAskPassApp Username for 'https://github.com': 

Host: Intel(R) Core(TM) i7-6700 CPU @ 3.40GHz, 8 cores, 15G,  Windows 11 , 64 bit Build 22000 (10.0.22000.2538)
Time: Thu Aug  8 21:29:20 2024  Windows 11 , 64 bit Build 22000 (10.0.22000.2538) elapsed time: 0.031562 seconds (0d 0h 0m 0s)

---------------  T H R E A D  ---------------

Current thread (0x00000198b34aa410):  JavaThread "Unknown thread" [_thread_in_vm, id=444, stack(0x0000003664800000,0x0000003664900000)]

Stack: [0x0000003664800000,0x0000003664900000]
Native frames: (J=compiled Java code, j=interpreted, Vv=VM code, C=native code)
V  [jvm.dll+0x688a29]
V  [jvm.dll+0x84216a]
V  [jvm.dll+0x843dae]
V  [jvm.dll+0x844413]
V  [jvm.dll+0x24ba8f]
V  [jvm.dll+0x6857f9]
V  [jvm.dll+0x67a0aa]
V  [jvm.dll+0x30c7eb]
V  [jvm.dll+0x313c96]
V  [jvm.dll+0x363a2e]
V  [jvm.dll+0x363c5f]
V  [jvm.dll+0x2e25b8]
V  [jvm.dll+0x2e3524]
V  [jvm.dll+0x812cd1]
V  [jvm.dll+0x3718e1]
V  [jvm.dll+0x7f1836]
V  [jvm.dll+0x3f553f]
V  [jvm.dll+0x3f7171]
C  [jli.dll+0x528f]
C  [ucrtbase.dll+0x26c0c]
C  [KERNEL32.DLL+0x153e0]
C  [ntdll.dll+0x485b]


---------------  P R O C E S S  ---------------

Threads class SMR info:
_java_thread_list=0x00007ffb4e8def58, length=0, elements={
}

Java Threads: ( => current thread )

Other Threads:
  0x00000198b3517580 GCTaskThread "GC Thread#0" [stack: 0x0000003664900000,0x0000003664a00000] [id=18076]
  0x00000198b35283e0 ConcurrentGCThread "G1 Main Marker" [stack: 0x0000003664a00000,0x0000003664b00000] [id=20800]
  0x00000198b35295a0 ConcurrentGCThread "G1 Conc#0" [stack: 0x0000003664b00000,0x0000003664c00000] [id=25836]

[error occurred during error reporting (printing all threads), id 0xc0000005, EXCEPTION_ACCESS_VIOLATION (0xc0000005) at pc=0x00007ffb4e093187]

VM state: not at safepoint (not fully initialized)

VM Mutex/Monitor currently owned by a thread:  ([mutex/lock_event])
[0x00000198b34a47e0] Heap_lock - owner thread: 0x00000198b34aa410

Heap address: 0x0000000700e00000, size: 4082 MB, Compressed Oops mode: Zero based, Oop shift amount: 3

CDS archive(s) mapped at: [0x0000000000000000-0x0000000000000000-0x0000000000000000), size 0, SharedBaseAddress: 0x0000000800000000, ArchiveRelocationMode: 1.
Narrow klass base: 0x0000000000000000, Narrow klass shift: 0, Narrow klass range: 0x0

GC Precious Log:
<Empty>

Heap:
 garbage-first heap   total 0K, used 0K [0x0000000700e00000, 0x0000000800000000)
  region size 2048K, 0 young (0K), 0 survivors (0K)
 Metaspace       used 0K, committed 0K, reserved 0K
  class space    used 0K, committed 0K, reserved 0K

Heap Regions: E=young(eden), S=young(survivor), O=old, HS=humongous(starts), HC=humongous(continues), CS=collection set, F=free, OA=open archive, CA=closed archive, TAMS=top-at-mark-start (previous, next)

Card table byte_map: [0x00000198c6760000,0x00000198c6f60000] _byte_map_base: 0x00000198c2f59000

Marking Bits (Prev, Next): (CMBitMap*) 0x00000198b3517ba0, (CMBitMap*) 0x00000198b3517be0
 Prev Bits: [0x00000198c7760000, 0x00000198cb728000)
 Next Bits: [0x00000198cb730000, 0x00000198cf6f8000)

GC Heap History (0 events):
No events

Dll operation events (1 events):
Event: 0.019 Loaded shared library C:\Program Files\JetBrains\IntelliJ IDEA 2023.3.3\jbr\bin\java.dll

Deoptimization events (0 events):
No events

Classes unloaded (0 events):
No events

Classes redefined (0 events):
No events

Internal exceptions (0 events):
No events

VM Operations (0 events):
No events

Events (0 events):
No events


Dynamic libraries:
0x00007ff6556d0000 - 0x00007ff6556da000 	C:\Program Files\JetBrains\IntelliJ IDEA 2023.3.3\jbr\bin\java.exe
0x00007ffbdfec0000 - 0x00007ffbe00c9000 	C:\WINDOWS\SYSTEM32\ntdll.dll
0x00007ffbdf060000 - 0x00007ffbdf11d000 	C:\WINDOWS\System32\KERNEL32.DLL
0x00007ffbdd380000 - 0x00007ffbdd704000 	C:\WINDOWS\System32\KERNELBASE.dll
0x00007ffbdd710000 - 0x00007ffbdd821000 	C:\WINDOWS\System32\ucrtbase.dll
0x00007ffbcfc30000 - 0x00007ffbcfc4b000 	C:\Program Files\JetBrains\IntelliJ IDEA 2023.3.3\jbr\bin\VCRUNTIME140.dll
0x00007ffbbbc80000 - 0x00007ffbbbc97000 	C:\Program Files\JetBrains\IntelliJ IDEA 2023.3.3\jbr\bin\jli.dll
0x00007ffbdf1a0000 - 0x00007ffbdf34d000 	C:\WINDOWS\System32\USER32.dll
0x00007ffbdd350000 - 0x00007ffbdd376000 	C:\WINDOWS\System32\win32u.dll
0x00007ffbdf350000 - 0x00007ffbdf37a000 	C:\WINDOWS\System32\GDI32.dll
0x00007ffbdd8d0000 - 0x00007ffbdd9ee000 	C:\WINDOWS\System32\gdi32full.dll
0x00007ffbdd830000 - 0x00007ffbdd8cd000 	C:\WINDOWS\System32\msvcp_win.dll
0x00007ffbcc350000 - 0x00007ffbcc5f5000 	C:\WINDOWS\WinSxS\amd64_microsoft.windows.common-controls_6595b64144ccf1df_6.0.22000.120_none_9d947278b86cc467\COMCTL32.dll
0x00007ffbddd10000 - 0x00007ffbdddb3000 	C:\WINDOWS\System32\msvcrt.dll
0x00007ffbde480000 - 0x00007ffbde4b1000 	C:\WINDOWS\System32\IMM32.DLL
0x00007ffbd9b10000 - 0x00007ffbd9b1c000 	C:\Program Files\JetBrains\IntelliJ IDEA 2023.3.3\jbr\bin\vcruntime140_1.dll
0x00007ffbab7e0000 - 0x00007ffbab86d000 	C:\Program Files\JetBrains\IntelliJ IDEA 2023.3.3\jbr\bin\msvcp140.dll
0x00007ffb4dda0000 - 0x00007ffb4ea23000 	C:\Program Files\JetBrains\IntelliJ IDEA 2023.3.3\jbr\bin\server\jvm.dll
0x00007ffbdf380000 - 0x00007ffbdf42e000 	C:\WINDOWS\System32\ADVAPI32.dll
0x00007ffbdea00000 - 0x00007ffbdea9e000 	C:\WINDOWS\System32\sechost.dll
0x00007ffbde350000 - 0x00007ffbde471000 	C:\WINDOWS\System32\RPCRT4.dll
0x00007ffbd9c30000 - 0x00007ffbd9c39000 	C:\WINDOWS\SYSTEM32\WSOCK32.dll
0x00007ffbdeaa0000 - 0x00007ffbdeb0f000 	C:\WINDOWS\System32\WS2_32.dll
0x00007ffbdcaf0000 - 0x00007ffbdcb3d000 	C:\WINDOWS\SYSTEM32\POWRPROF.dll
0x00007ffbd22d0000 - 0x00007ffbd22da000 	C:\WINDOWS\SYSTEM32\VERSION.dll
0x00007ffbd7460000 - 0x00007ffbd7493000 	C:\WINDOWS\SYSTEM32\WINMM.dll
0x00007ffbdc940000 - 0x00007ffbdc953000 	C:\WINDOWS\SYSTEM32\UMPDC.dll
0x00007ffbdc380000 - 0x00007ffbdc398000 	C:\WINDOWS\SYSTEM32\kernel.appcore.dll
0x00007ffbd8300000 - 0x00007ffbd830a000 	C:\Program Files\JetBrains\IntelliJ IDEA 2023.3.3\jbr\bin\jimage.dll
0x00007ffbd2720000 - 0x00007ffbd2941000 	C:\WINDOWS\SYSTEM32\DBGHELP.DLL
0x00007ffbc2ef0000 - 0x00007ffbc2f21000 	C:\WINDOWS\SYSTEM32\dbgcore.DLL
0x00007ffbddbd0000 - 0x00007ffbddc4f000 	C:\WINDOWS\System32\bcryptPrimitives.dll
0x00007ffbbcbb0000 - 0x00007ffbbcbd5000 	C:\Program Files\JetBrains\IntelliJ IDEA 2023.3.3\jbr\bin\java.dll

dbghelp: loaded successfully - version: 4.0.5 - missing functions: none
symbol engine: initialized successfully - sym options: 0x614 - pdb path: .;C:\Program Files\JetBrains\IntelliJ IDEA 2023.3.3\jbr\bin;C:\WINDOWS\SYSTEM32;C:\WINDOWS\WinSxS\amd64_microsoft.windows.common-controls_6595b64144ccf1df_6.0.22000.120_none_9d947278b86cc467;C:\Program Files\JetBrains\IntelliJ IDEA 2023.3.3\jbr\bin\server

VM Arguments:
java_command: git4idea.http.GitAskPassApp Username for 'https://github.com': 
java_class_path (initial): C:/Program Files/JetBrains/IntelliJ IDEA 2023.3.3/plugins/vcs-git/lib/git4idea-rt.jar;C:/Program Files/JetBrains/IntelliJ IDEA 2023.3.3/lib/externalProcess-rt.jar
Launcher Type: SUN_STANDARD

[Global flags]
     intx CICompilerCount                          = 4                                         {product} {ergonomic}
     uint ConcGCThreads                            = 2                                         {product} {ergonomic}
     uint G1ConcRefinementThreads                  = 8                                         {product} {ergonomic}
   size_t G1HeapRegionSize                         = 2097152                                   {product} {ergonomic}
    uintx GCDrainStackTargetSize                   = 64                                        {product} {ergonomic}
   size_t InitialHeapSize                          = 268435456                                 {product} {ergonomic}
   size_t MarkStackSize                            = 4194304                                   {product} {ergonomic}
   size_t MaxHeapSize                              = 4280287232                                {product} {ergonomic}
   size_t MinHeapDeltaBytes                        = 2097152                                   {product} {ergonomic}
   size_t MinHeapSize                              = 8388608                                   {product} {ergonomic}
    uintx NonNMethodCodeHeapSize                   = 5839372                                {pd product} {ergonomic}
    uintx NonProfiledCodeHeapSize                  = 122909434                              {pd product} {ergonomic}
    uintx ProfiledCodeHeapSize                     = 122909434                              {pd product} {ergonomic}
    uintx ReservedCodeCacheSize                    = 251658240                              {pd product} {ergonomic}
     bool SegmentedCodeCache                       = true                                      {product} {ergonomic}
   size_t SoftMaxHeapSize                          = 4280287232                             {manageable} {ergonomic}
     bool UseCompressedClassPointers               = true                           {product lp64_product} {ergonomic}
     bool UseCompressedOops                        = true                           {product lp64_product} {ergonomic}
     bool UseG1GC                                  = true                                      {product} {ergonomic}
     bool UseLargePagesIndividualAllocation        = false                                  {pd product} {ergonomic}

Logging:
Log output configuration:
 #0: stdout all=warning uptime,level,tags
 #1: stderr all=off uptime,level,tags

Environment Variables:
PATH=C:\Program Files\Git\mingw64\libexec\git-core;C:\Program Files\Git\mingw64\libexec\git-core;C:\Program Files\Git\mingw64\bin;C:\Program Files\Git\usr\bin;C:\Users\SCY\bin;C:\Program Files\Common Files\Oracle\Java\javapath;C:\WINDOWS\system32;C:\WINDOWS;C:\WINDOWS\System32\Wbem;C:\WINDOWS\System32\WindowsPowerShell\v1.0;C:\WINDOWS\System32\OpenSSH;C:\Program Files\dotnet;C:\Program Files (x86)\NVIDIA Corporation\PhysX\Common;C:\Program Files\NVIDIA Corporation\NVIDIA NvDLISR;C:\Program Files\Git\cmd;C:\Users\SCY\AppData\Roaming\nvm;C:\Program Files\nodejs;C:\Program Files\MySQL\MySQL Server 8.0\bin;C:\Program Files\Bandizip;C:\Program Files\Java\jdk-17\bin;C:\Program Files\OpenSSL-Win64\bin;C:\Program Files\Docker\Docker\resources\bin;C:\Program Files\MySQL\MySQL Shell 8.0\bin;C:\Users\SCY\AppData\Local\Programs\Python\Python310\Scripts;C:\Users\SCY\AppData\Local\Programs\Python\Python310;C:\Users\SCY\AppData\Local\Microsoft\WindowsApps;C:\Users\SCY\AppData\Local\Programs\Microsoft VS Code\bin;C:\Users\SCY\AppData\Local\GitHubDesktop\bin;C:\Users\SCY\AppData\Roaming\nvm;C:\Program Files\nodejs;C:\Users\SCY\AppData\Roaming\npm;C:\Program Files\JetBrains\IntelliJ IDEA Educational Edition 2022.2.2\bin;C:\Program Files\JetBrains\IntelliJ IDEA 2023.3.3\bin
USERNAME=SCY
DISPLAY=:0.0
LC_ALL=en_US.UTF-8
TERM=xterm-256color
TMPDIR=C:\Users\SCY\AppData\Local\Temp
OS=Windows_NT
PROCESSOR_IDENTIFIER=Intel64 Family 6 Model 94 Stepping 3, GenuineIntel
TMP=C:\Users\SCY\AppData\Local\Temp
TEMP=C:\Users\SCY\AppData\Local\Temp



Periodic native trim disabled

JNI global refs:
JNI global refs: 0, weak refs: 0

JNI global refs memory usage: 0, weak refs: 0

OOME stack traces (most recent first):
Classloader memory used:


---------------  S Y S T E M  ---------------

OS:
 Windows 11 , 64 bit Build 22000 (10.0.22000.2538)
OS uptime: 6 days 3:14 hours
Hyper-V role detected

CPU: total 8 (initial active 8) (4 cores per cpu, 2 threads per core) family 6 model 94 stepping 3 microcode 0xd6, cx8, cmov, fxsr, ht, mmx, 3dnowpref, sse, sse2, sse3, ssse3, sse4.1, sse4.2, popcnt, lzcnt, tsc, tscinvbit, avx, avx2, aes, erms, clmul, bmi1, bmi2, rtm, adx, fma, vzeroupper, clflush, clflushopt, hv
Processor Information for all 8 processors :
  Max Mhz: 3408, Current Mhz: 3408, Mhz Limit: 3408

Memory: 4k page, system-wide physical 16320M (4405M free)
TotalPageFile size 18368M (AvailPageFile size 168M)
current process WorkingSet (physical memory assigned to process): 11M, peak: 11M
current process commit charge ("private bytes"): 60M, peak: 316M

vm_info: OpenJDK 64-Bit Server VM (17.0.10+1-b1087.23) for windows-amd64 JRE (17.0.10+1-b1087.23), built on 2024-03-18 by "builduser" with MS VC++ 16.10 / 16.11 (VS2019)

END.
